{"total": {"lines":{"total":637,"covered":610,"skipped":0,"pct":95.76},"statements":{"total":745,"covered":694,"skipped":0,"pct":93.15},"functions":{"total":134,"covered":128,"skipped":0,"pct":95.52},"branches":{"total":390,"covered":350,"skipped":0,"pct":89.74},"branchesTrue":{"total":0,"covered":0,"skipped":0,"pct":100}}
,"/home/zak/dev/opensource/illuma/core/src/plugins.ts": {"lines":{"total":0,"covered":0,"skipped":0,"pct":100},"functions":{"total":0,"covered":0,"skipped":0,"pct":100},"statements":{"total":0,"covered":0,"skipped":0,"pct":100},"branches":{"total":0,"covered":0,"skipped":0,"pct":100}}
,"/home/zak/dev/opensource/illuma/core/src/testkit.ts": {"lines":{"total":0,"covered":0,"skipped":0,"pct":100},"functions":{"total":0,"covered":0,"skipped":0,"pct":100},"statements":{"total":0,"covered":0,"skipped":0,"pct":100},"branches":{"total":0,"covered":0,"skipped":0,"pct":100}}
,"/home/zak/dev/opensource/illuma/core/src/lib/api/decorator.ts": {"lines":{"total":15,"covered":15,"skipped":0,"pct":100},"functions":{"total":9,"covered":9,"skipped":0,"pct":100},"statements":{"total":16,"covered":16,"skipped":0,"pct":100},"branches":{"total":7,"covered":7,"skipped":0,"pct":100}}
,"/home/zak/dev/opensource/illuma/core/src/lib/api/injection.ts": {"lines":{"total":10,"covered":10,"skipped":0,"pct":100},"functions":{"total":1,"covered":1,"skipped":0,"pct":100},"statements":{"total":12,"covered":12,"skipped":0,"pct":100},"branches":{"total":10,"covered":10,"skipped":0,"pct":100}}
,"/home/zak/dev/opensource/illuma/core/src/lib/api/proxy.ts": {"lines":{"total":3,"covered":3,"skipped":0,"pct":100},"functions":{"total":3,"covered":2,"skipped":0,"pct":66.66},"statements":{"total":3,"covered":3,"skipped":0,"pct":100},"branches":{"total":0,"covered":0,"skipped":0,"pct":100}}
,"/home/zak/dev/opensource/illuma/core/src/lib/api/token.ts": {"lines":{"total":21,"covered":21,"skipped":0,"pct":100},"functions":{"total":11,"covered":11,"skipped":0,"pct":100},"statements":{"total":23,"covered":23,"skipped":0,"pct":100},"branches":{"total":13,"covered":13,"skipped":0,"pct":100}}
,"/home/zak/dev/opensource/illuma/core/src/lib/container/container.ts": {"lines":{"total":185,"covered":172,"skipped":0,"pct":92.97},"functions":{"total":22,"covered":20,"skipped":0,"pct":90.9},"statements":{"total":224,"covered":199,"skipped":0,"pct":88.83},"branches":{"total":158,"covered":131,"skipped":0,"pct":82.91}}
,"/home/zak/dev/opensource/illuma/core/src/lib/context/context.ts": {"lines":{"total":29,"covered":27,"skipped":0,"pct":93.1},"functions":{"total":5,"covered":5,"skipped":0,"pct":100},"statements":{"total":31,"covered":28,"skipped":0,"pct":90.32},"branches":{"total":6,"covered":6,"skipped":0,"pct":100}}
,"/home/zak/dev/opensource/illuma/core/src/lib/plugins/core/plugin-container.ts": {"lines":{"total":14,"covered":14,"skipped":0,"pct":100},"functions":{"total":8,"covered":8,"skipped":0,"pct":100},"statements":{"total":15,"covered":15,"skipped":0,"pct":100},"branches":{"total":0,"covered":0,"skipped":0,"pct":100}}
,"/home/zak/dev/opensource/illuma/core/src/lib/plugins/diagnostics/built-in.ts": {"lines":{"total":6,"covered":6,"skipped":0,"pct":100},"functions":{"total":2,"covered":2,"skipped":0,"pct":100},"statements":{"total":7,"covered":6,"skipped":0,"pct":85.71},"branches":{"total":2,"covered":1,"skipped":0,"pct":50}}
,"/home/zak/dev/opensource/illuma/core/src/lib/plugins/diagnostics/default-impl.ts": {"lines":{"total":4,"covered":4,"skipped":0,"pct":100},"functions":{"total":1,"covered":1,"skipped":0,"pct":100},"statements":{"total":5,"covered":5,"skipped":0,"pct":100},"branches":{"total":0,"covered":0,"skipped":0,"pct":100}}
,"/home/zak/dev/opensource/illuma/core/src/lib/plugins/middlewares/diagnostics.middleware.ts": {"lines":{"total":9,"covered":9,"skipped":0,"pct":100},"functions":{"total":1,"covered":1,"skipped":0,"pct":100},"statements":{"total":9,"covered":9,"skipped":0,"pct":100},"branches":{"total":2,"covered":2,"skipped":0,"pct":100}}
,"/home/zak/dev/opensource/illuma/core/src/lib/plugins/middlewares/runner.ts": {"lines":{"total":6,"covered":6,"skipped":0,"pct":100},"functions":{"total":3,"covered":3,"skipped":0,"pct":100},"statements":{"total":9,"covered":9,"skipped":0,"pct":100},"branches":{"total":4,"covered":4,"skipped":0,"pct":100}}
,"/home/zak/dev/opensource/illuma/core/src/lib/provider/extractor.ts": {"lines":{"total":5,"covered":5,"skipped":0,"pct":100},"functions":{"total":3,"covered":3,"skipped":0,"pct":100},"statements":{"total":11,"covered":11,"skipped":0,"pct":100},"branches":{"total":8,"covered":8,"skipped":0,"pct":100}}
,"/home/zak/dev/opensource/illuma/core/src/lib/provider/proto.ts": {"lines":{"total":28,"covered":28,"skipped":0,"pct":100},"functions":{"total":10,"covered":10,"skipped":0,"pct":100},"statements":{"total":29,"covered":29,"skipped":0,"pct":100},"branches":{"total":14,"covered":13,"skipped":0,"pct":92.85}}
,"/home/zak/dev/opensource/illuma/core/src/lib/provider/resolver.ts": {"lines":{"total":92,"covered":85,"skipped":0,"pct":92.39},"functions":{"total":9,"covered":6,"skipped":0,"pct":66.66},"statements":{"total":103,"covered":93,"skipped":0,"pct":90.29},"branches":{"total":58,"covered":54,"skipped":0,"pct":93.1}}
,"/home/zak/dev/opensource/illuma/core/src/lib/provider/tree-node.ts": {"lines":{"total":129,"covered":124,"skipped":0,"pct":96.12},"functions":{"total":29,"covered":29,"skipped":0,"pct":100},"statements":{"total":157,"covered":146,"skipped":0,"pct":92.99},"branches":{"total":67,"covered":61,"skipped":0,"pct":91.04}}
,"/home/zak/dev/opensource/illuma/core/src/lib/testkit/helpers.ts": {"lines":{"total":14,"covered":14,"skipped":0,"pct":100},"functions":{"total":3,"covered":3,"skipped":0,"pct":100},"statements":{"total":15,"covered":15,"skipped":0,"pct":100},"branches":{"total":7,"covered":7,"skipped":0,"pct":100}}
,"/home/zak/dev/opensource/illuma/core/src/lib/utils/defer.ts": {"lines":{"total":21,"covered":21,"skipped":0,"pct":100},"functions":{"total":2,"covered":2,"skipped":0,"pct":100},"statements":{"total":24,"covered":24,"skipped":0,"pct":100},"branches":{"total":10,"covered":10,"skipped":0,"pct":100}}
,"/home/zak/dev/opensource/illuma/core/src/lib/utils/inheritance.ts": {"lines":{"total":42,"covered":42,"skipped":0,"pct":100},"functions":{"total":9,"covered":9,"skipped":0,"pct":100},"statements":{"total":48,"covered":47,"skipped":0,"pct":97.91},"branches":{"total":24,"covered":23,"skipped":0,"pct":95.83}}
,"/home/zak/dev/opensource/illuma/core/src/lib/utils/injector.ts": {"lines":{"total":4,"covered":4,"skipped":0,"pct":100},"functions":{"total":3,"covered":3,"skipped":0,"pct":100},"statements":{"total":4,"covered":4,"skipped":0,"pct":100},"branches":{"total":0,"covered":0,"skipped":0,"pct":100}}
}
