{"total": {"lines":{"total":494,"covered":488,"skipped":0,"pct":98.78},"statements":{"total":577,"covered":562,"skipped":0,"pct":97.4},"functions":{"total":89,"covered":86,"skipped":0,"pct":96.62},"branches":{"total":336,"covered":324,"skipped":0,"pct":96.42},"branchesTrue":{"total":0,"covered":0,"skipped":0,"pct":100}}
,"/Users/zak/opensource/illuma/src/lib/api/decorator.ts": {"lines":{"total":13,"covered":13,"skipped":0,"pct":100},"functions":{"total":5,"covered":5,"skipped":0,"pct":100},"statements":{"total":14,"covered":14,"skipped":0,"pct":100},"branches":{"total":0,"covered":0,"skipped":0,"pct":100}}
,"/Users/zak/opensource/illuma/src/lib/api/helpers.ts": {"lines":{"total":18,"covered":18,"skipped":0,"pct":100},"functions":{"total":3,"covered":3,"skipped":0,"pct":100},"statements":{"total":22,"covered":21,"skipped":0,"pct":95.45},"branches":{"total":13,"covered":13,"skipped":0,"pct":100}}
,"/Users/zak/opensource/illuma/src/lib/api/injection.ts": {"lines":{"total":16,"covered":16,"skipped":0,"pct":100},"functions":{"total":1,"covered":1,"skipped":0,"pct":100},"statements":{"total":17,"covered":17,"skipped":0,"pct":100},"branches":{"total":18,"covered":18,"skipped":0,"pct":100}}
,"/Users/zak/opensource/illuma/src/lib/api/token.ts": {"lines":{"total":22,"covered":22,"skipped":0,"pct":100},"functions":{"total":6,"covered":6,"skipped":0,"pct":100},"statements":{"total":27,"covered":27,"skipped":0,"pct":100},"branches":{"total":17,"covered":17,"skipped":0,"pct":100}}
,"/Users/zak/opensource/illuma/src/lib/container/container.ts": {"lines":{"total":113,"covered":112,"skipped":0,"pct":99.11},"functions":{"total":10,"covered":10,"skipped":0,"pct":100},"statements":{"total":132,"covered":128,"skipped":0,"pct":96.96},"branches":{"total":84,"covered":80,"skipped":0,"pct":95.23}}
,"/Users/zak/opensource/illuma/src/lib/context/context.ts": {"lines":{"total":28,"covered":28,"skipped":0,"pct":100},"functions":{"total":6,"covered":6,"skipped":0,"pct":100},"statements":{"total":29,"covered":29,"skipped":0,"pct":100},"branches":{"total":7,"covered":7,"skipped":0,"pct":100}}
,"/Users/zak/opensource/illuma/src/lib/provider/extractor.ts": {"lines":{"total":12,"covered":12,"skipped":0,"pct":100},"functions":{"total":3,"covered":3,"skipped":0,"pct":100},"statements":{"total":18,"covered":18,"skipped":0,"pct":100},"branches":{"total":14,"covered":14,"skipped":0,"pct":100}}
,"/Users/zak/opensource/illuma/src/lib/provider/proto.ts": {"lines":{"total":40,"covered":40,"skipped":0,"pct":100},"functions":{"total":10,"covered":10,"skipped":0,"pct":100},"statements":{"total":41,"covered":41,"skipped":0,"pct":100},"branches":{"total":16,"covered":15,"skipped":0,"pct":93.75}}
,"/Users/zak/opensource/illuma/src/lib/provider/resolver.ts": {"lines":{"total":86,"covered":81,"skipped":0,"pct":94.18},"functions":{"total":9,"covered":6,"skipped":0,"pct":66.66},"statements":{"total":97,"covered":89,"skipped":0,"pct":91.75},"branches":{"total":58,"covered":53,"skipped":0,"pct":91.37}}
,"/Users/zak/opensource/illuma/src/lib/provider/tree-node.ts": {"lines":{"total":78,"covered":78,"skipped":0,"pct":100},"functions":{"total":22,"covered":22,"skipped":0,"pct":100},"statements":{"total":106,"covered":104,"skipped":0,"pct":98.11},"branches":{"total":54,"covered":52,"skipped":0,"pct":96.29}}
,"/Users/zak/opensource/illuma/src/lib/testkit/helpers.ts": {"lines":{"total":18,"covered":18,"skipped":0,"pct":100},"functions":{"total":3,"covered":3,"skipped":0,"pct":100},"statements":{"total":20,"covered":20,"skipped":0,"pct":100},"branches":{"total":13,"covered":13,"skipped":0,"pct":100}}
,"/Users/zak/opensource/illuma/src/lib/utils/inheritance.ts": {"lines":{"total":45,"covered":45,"skipped":0,"pct":100},"functions":{"total":9,"covered":9,"skipped":0,"pct":100},"statements":{"total":48,"covered":48,"skipped":0,"pct":100},"branches":{"total":42,"covered":42,"skipped":0,"pct":100}}
,"/Users/zak/opensource/illuma/src/lib/utils/injector.ts": {"lines":{"total":5,"covered":5,"skipped":0,"pct":100},"functions":{"total":2,"covered":2,"skipped":0,"pct":100},"statements":{"total":6,"covered":6,"skipped":0,"pct":100},"branches":{"total":0,"covered":0,"skipped":0,"pct":100}}
}
